TN:
SF:src\config\db.ts
FN:13,(anonymous_1)
FN:23,(anonymous_2)
FN:36,(anonymous_3)
FN:42,(anonymous_4)
FN:84,(anonymous_5)
FN:95,(anonymous_6)
FN:96,(anonymous_7)
FN:116,(anonymous_8)
FNF:8
FNH:0
FNDA:0,(anonymous_1)
FNDA:0,(anonymous_2)
FNDA:0,(anonymous_3)
FNDA:0,(anonymous_4)
FNDA:0,(anonymous_5)
FNDA:0,(anonymous_6)
FNDA:0,(anonymous_7)
FNDA:0,(anonymous_8)
DA:1,3
DA:2,3
DA:3,3
DA:4,3
DA:6,3
DA:9,3
DA:13,3
DA:14,0
DA:16,0
DA:17,0
DA:18,0
DA:19,0
DA:23,3
DA:24,0
DA:25,0
DA:27,0
DA:36,3
DA:37,0
DA:38,0
DA:41,0
DA:42,0
DA:47,0
DA:48,0
DA:49,0
DA:50,0
DA:54,0
DA:55,0
DA:56,0
DA:57,0
DA:61,0
DA:62,0
DA:63,0
DA:64,0
DA:70,0
DA:71,0
DA:72,0
DA:78,0
DA:79,0
DA:84,3
DA:85,0
DA:86,0
DA:87,0
DA:89,0
DA:90,0
DA:93,0
DA:95,0
DA:96,0
DA:98,0
DA:99,0
DA:100,0
DA:103,0
DA:107,0
DA:110,0
DA:111,0
DA:116,3
DA:117,0
DA:118,0
DA:119,0
DA:120,0
DA:123,0
DA:125,0
DA:128,0
DA:129,0
DA:130,0
DA:131,0
DA:134,0
DA:137,0
DA:141,3
LF:68
LH:12
BRDA:14,0,0,0
BRDA:14,0,1,0
BRDA:24,1,0,0
BRDA:24,1,1,0
BRDA:47,2,0,0
BRDA:47,2,1,0
BRDA:49,3,0,0
BRDA:49,3,1,0
BRDA:54,4,0,0
BRDA:54,4,1,0
BRDA:56,5,0,0
BRDA:56,5,1,0
BRDA:61,6,0,0
BRDA:61,6,1,0
BRDA:63,7,0,0
BRDA:63,7,1,0
BRDA:71,8,0,0
BRDA:71,8,1,0
BRDA:89,9,0,0
BRDA:89,9,1,0
BRDA:96,10,0,0
BRDA:96,10,1,0
BRDA:129,11,0,0
BRDA:129,11,1,0
BRF:24
BRH:0
end_of_record
TN:
SF:src\constants\config.ts
FN:10,(anonymous_0)
FN:22,(anonymous_1)
FN:23,(anonymous_2)
FN:45,(anonymous_3)
FN:92,(anonymous_4)
FNF:5
FNH:0
FNDA:0,(anonymous_0)
FNDA:0,(anonymous_1)
FNDA:0,(anonymous_2)
FNDA:0,(anonymous_3)
FNDA:0,(anonymous_4)
DA:7,0
DA:11,0
DA:12,0
DA:18,0
DA:22,0
DA:23,0
DA:27,0
DA:34,0
DA:41,0
DA:46,0
DA:47,0
DA:48,0
DA:49,0
DA:51,0
DA:52,0
DA:58,0
DA:67,0
DA:75,0
DA:82,0
DA:92,0
DA:93,0
DA:95,0
DA:96,0
DA:98,0
DA:99,0
DA:100,0
DA:104,0
DA:108,0
DA:121,0
LF:29
LH:0
BRDA:9,0,0,0
BRDA:9,0,1,0
BRDA:11,1,0,0
BRDA:11,1,1,0
BRDA:19,2,0,0
BRDA:19,2,1,0
BRDA:20,3,0,0
BRDA:20,3,1,0
BRDA:21,4,0,0
BRDA:21,4,1,0
BRDA:28,5,0,0
BRDA:28,5,1,0
BRDA:29,6,0,0
BRDA:29,6,1,0
BRDA:35,7,0,0
BRDA:35,7,1,0
BRDA:36,8,0,0
BRDA:36,8,1,0
BRDA:37,9,0,0
BRDA:37,9,1,0
BRDA:47,10,0,0
BRDA:47,10,1,0
BRDA:48,11,0,0
BRDA:48,11,1,0
BRDA:49,12,0,0
BRDA:49,12,1,0
BRDA:51,13,0,0
BRDA:51,13,1,0
BRDA:59,14,0,0
BRDA:59,14,1,0
BRDA:60,15,0,0
BRDA:60,15,1,0
BRDA:61,16,0,0
BRDA:61,16,1,0
BRDA:62,17,0,0
BRDA:62,17,1,0
BRDA:63,18,0,0
BRDA:63,18,1,0
BRDA:68,19,0,0
BRDA:68,19,1,0
BRDA:69,20,0,0
BRDA:69,20,1,0
BRDA:70,21,0,0
BRDA:70,21,1,0
BRDA:71,22,0,0
BRDA:71,22,1,0
BRDA:76,23,0,0
BRDA:76,23,1,0
BRDA:77,24,0,0
BRDA:77,24,1,0
BRDA:78,25,0,0
BRDA:78,25,1,0
BRDA:98,26,0,0
BRDA:98,26,1,0
BRDA:99,27,0,0
BRDA:99,27,1,0
BRF:56
BRH:0
end_of_record
TN:
SF:src\controllers\oauthController.ts
FN:40,(anonymous_0)
FN:135,(anonymous_1)
FN:222,(anonymous_2)
FNF:3
FNH:3
FNDA:5,(anonymous_0)
FNDA:4,(anonymous_1)
FNDA:5,(anonymous_2)
DA:3,1
DA:35,1
DA:36,1
DA:37,1
DA:38,1
DA:40,1
DA:41,5
DA:42,5
DA:45,5
DA:47,5
DA:48,1
DA:51,4
DA:52,1
DA:56,3
DA:68,3
DA:69,1
DA:70,1
DA:73,2
DA:76,2
DA:82,2
DA:83,1
DA:86,1
DA:87,1
DA:90,1
DA:92,1
DA:118,1
DA:121,1
DA:122,1
DA:127,2
DA:128,2
DA:129,2
DA:135,1
DA:136,4
DA:137,4
DA:139,4
DA:141,4
DA:142,1
DA:145,3
DA:146,1
DA:150,2
DA:162,2
DA:163,1
DA:164,1
DA:167,1
DA:170,1
DA:172,1
DA:173,0
DA:176,1
DA:180,1
DA:182,1
DA:205,1
DA:208,1
DA:209,1
DA:214,1
DA:215,1
DA:216,1
DA:222,1
DA:223,5
DA:224,5
DA:225,5
DA:227,5
DA:229,5
DA:230,1
DA:233,4
DA:234,1
DA:238,3
DA:243,2
DA:245,2
DA:251,1
DA:252,1
LF:70
LH:69
BRDA:47,0,0,1
BRDA:47,0,1,4
BRDA:51,1,0,1
BRDA:51,1,1,3
BRDA:61,2,0,3
BRDA:61,2,1,0
BRDA:62,3,0,3
BRDA:62,3,1,0
BRDA:63,4,0,3
BRDA:63,4,1,0
BRDA:68,5,0,1
BRDA:68,5,1,2
BRDA:82,6,0,1
BRDA:82,6,1,1
BRDA:87,7,0,1
BRDA:87,7,1,0
BRDA:108,8,0,1
BRDA:108,8,1,0
BRDA:113,9,0,1
BRDA:113,9,1,0
BRDA:121,10,0,1
BRDA:121,10,1,0
BRDA:128,11,0,2
BRDA:128,11,1,0
BRDA:141,12,0,1
BRDA:141,12,1,3
BRDA:145,13,0,1
BRDA:145,13,1,2
BRDA:154,14,0,2
BRDA:154,14,1,0
BRDA:155,15,0,2
BRDA:155,15,1,0
BRDA:157,16,0,2
BRDA:157,16,1,0
BRDA:162,17,0,1
BRDA:162,17,1,1
BRDA:172,18,0,0
BRDA:172,18,1,1
BRDA:208,19,0,1
BRDA:208,19,1,0
BRDA:215,20,0,1
BRDA:215,20,1,0
BRDA:229,21,0,1
BRDA:229,21,1,4
BRDA:233,22,0,1
BRDA:233,22,1,3
BRF:46
BRH:32
end_of_record
TN:
SF:src\controllers\queueController.ts
FN:21,(anonymous_0)
FN:103,(anonymous_1)
FN:130,(anonymous_2)
FN:168,(anonymous_3)
FN:207,(anonymous_4)
FNF:5
FNH:5
FNDA:6,(anonymous_0)
FNDA:3,(anonymous_1)
FNDA:1,(anonymous_2)
FNDA:3,(anonymous_3)
FNDA:5,(anonymous_4)
DA:3,1
DA:21,1
DA:22,6
DA:23,6
DA:24,6
DA:25,6
DA:27,6
DA:28,1
DA:32,5
DA:33,1
DA:36,4
DA:37,1
DA:41,3
DA:46,3
DA:47,1
DA:51,2
DA:56,2
DA:57,1
DA:64,1
DA:71,1
DA:73,1
DA:74,0
DA:77,1
DA:79,1
DA:94,0
DA:95,0
DA:103,1
DA:104,3
DA:105,3
DA:106,3
DA:107,3
DA:108,3
DA:110,3
DA:111,1
DA:115,2
DA:128,2
DA:130,2
DA:147,2
DA:159,0
DA:160,0
DA:168,1
DA:169,3
DA:170,3
DA:171,3
DA:173,3
DA:174,1
DA:178,2
DA:183,2
DA:184,1
DA:188,1
DA:190,1
DA:192,1
DA:198,0
DA:199,0
DA:207,1
DA:208,5
DA:209,5
DA:210,5
DA:211,5
DA:213,5
DA:214,1
DA:218,4
DA:223,4
DA:224,1
DA:228,3
DA:229,3
DA:231,3
DA:232,1
DA:233,1
DA:236,3
DA:237,1
DA:238,1
DA:241,3
DA:242,1
DA:245,2
DA:246,2
DA:248,2
DA:253,2
DA:259,0
DA:260,0
LF:80
LH:71
BRDA:27,0,0,1
BRDA:27,0,1,5
BRDA:32,1,0,1
BRDA:32,1,1,4
BRDA:32,2,0,5
BRDA:32,2,1,5
BRDA:32,2,2,5
BRDA:36,3,0,1
BRDA:36,3,1,3
BRDA:46,4,0,1
BRDA:46,4,1,2
BRDA:56,5,0,1
BRDA:56,5,1,1
BRDA:73,6,0,0
BRDA:73,6,1,1
BRDA:73,7,0,1
BRDA:73,7,1,1
BRDA:106,8,0,3
BRDA:106,8,1,1
BRDA:107,9,0,3
BRDA:107,9,1,1
BRDA:110,10,0,1
BRDA:110,10,1,2
BRDA:128,11,0,1
BRDA:128,11,1,1
BRDA:173,12,0,1
BRDA:173,12,1,2
BRDA:183,13,0,1
BRDA:183,13,1,1
BRDA:213,14,0,1
BRDA:213,14,1,4
BRDA:223,15,0,1
BRDA:223,15,1,3
BRDA:231,16,0,1
BRDA:231,16,1,2
BRDA:236,17,0,1
BRDA:236,17,1,2
BRDA:236,18,0,3
BRDA:236,18,1,1
BRDA:241,19,0,1
BRDA:241,19,1,2
BRF:41
BRH:40
end_of_record
TN:
SF:src\controllers\videoController.ts
FN:35,(anonymous_0)
FN:37,(anonymous_1)
FN:45,(anonymous_2)
FN:71,(anonymous_3)
FN:98,(anonymous_4)
FN:164,(anonymous_5)
FN:168,(anonymous_6)
FN:199,(anonymous_7)
FN:247,(anonymous_8)
FN:272,(anonymous_9)
FN:318,(anonymous_10)
FN:355,(anonymous_11)
FN:408,(anonymous_12)
FN:434,(anonymous_13)
FN:486,(anonymous_14)
FN:489,(anonymous_15)
FNF:16
FNH:6
FNDA:0,(anonymous_0)
FNDA:0,(anonymous_1)
FNDA:2,(anonymous_2)
FNDA:0,(anonymous_3)
FNDA:0,(anonymous_4)
FNDA:0,(anonymous_5)
FNDA:0,(anonymous_6)
FNDA:3,(anonymous_7)
FNDA:3,(anonymous_8)
FNDA:1,(anonymous_9)
FNDA:3,(anonymous_10)
FNDA:2,(anonymous_11)
FNDA:0,(anonymous_12)
FNDA:0,(anonymous_13)
FNDA:0,(anonymous_14)
FNDA:0,(anonymous_15)
DA:3,1
DA:4,1
DA:5,1
DA:6,1
DA:7,1
DA:35,1
DA:36,0
DA:37,0
DA:40,1
DA:41,1
DA:42,1
DA:43,1
DA:45,1
DA:46,2
DA:47,2
DA:48,2
DA:50,2
DA:51,1
DA:55,1
DA:56,1
DA:59,0
DA:62,0
DA:64,0
DA:65,0
DA:69,0
DA:70,0
DA:72,0
DA:73,0
DA:81,0
DA:87,0
DA:89,0
DA:95,0
DA:96,0
DA:97,0
DA:99,0
DA:101,0
DA:103,0
DA:110,0
DA:118,0
DA:120,0
DA:127,0
DA:150,0
DA:153,0
DA:154,0
DA:157,0
DA:159,0
DA:162,0
DA:165,0
DA:169,0
DA:174,0
DA:190,0
DA:191,0
DA:199,1
DA:200,3
DA:201,3
DA:202,3
DA:204,3
DA:205,1
DA:208,2
DA:213,2
DA:214,1
DA:217,1
DA:220,1
DA:221,0
DA:224,1
DA:238,0
DA:239,0
DA:247,1
DA:248,3
DA:249,3
DA:250,3
DA:251,3
DA:252,3
DA:254,3
DA:255,1
DA:259,2
DA:270,2
DA:272,2
DA:273,1
DA:274,1
DA:275,1
DA:276,1
DA:277,1
DA:280,0
DA:283,1
DA:297,2
DA:309,0
DA:310,0
DA:318,1
DA:319,3
DA:320,3
DA:321,3
DA:323,3
DA:324,1
DA:328,2
DA:333,2
DA:334,1
DA:338,1
DA:340,1
DA:346,0
DA:347,0
DA:355,1
DA:356,2
DA:357,2
DA:358,2
DA:360,2
DA:361,1
DA:365,1
DA:371,1
DA:372,1
DA:375,0
DA:377,0
DA:378,0
DA:382,0
DA:383,0
DA:384,0
DA:385,0
DA:388,0
DA:391,0
DA:392,0
DA:393,0
DA:394,0
DA:396,0
DA:399,0
DA:401,0
DA:402,0
DA:406,0
DA:407,0
DA:409,0
DA:410,0
DA:418,0
DA:424,0
DA:425,0
DA:431,0
DA:432,0
DA:433,0
DA:435,0
DA:436,0
DA:438,0
DA:445,0
DA:453,0
DA:454,0
DA:461,0
DA:481,0
DA:484,0
DA:487,0
DA:490,0
DA:493,0
DA:509,0
DA:510,0
LF:150
LH:68
BRDA:36,0,0,0
BRDA:36,0,1,0
BRDA:36,1,0,0
BRDA:36,1,1,0
BRDA:37,2,0,0
BRDA:37,2,1,0
BRDA:50,3,0,1
BRDA:50,3,1,1
BRDA:55,4,0,1
BRDA:55,4,1,0
BRDA:59,5,0,0
BRDA:59,5,1,0
BRDA:59,6,0,0
BRDA:59,6,1,0
BRDA:62,7,0,0
BRDA:62,7,1,0
BRDA:64,8,0,0
BRDA:64,8,1,0
BRDA:64,9,0,0
BRDA:64,9,1,0
BRDA:64,9,2,0
BRDA:75,10,0,0
BRDA:75,10,1,0
BRDA:76,11,0,0
BRDA:76,11,1,0
BRDA:77,12,0,0
BRDA:77,12,1,0
BRDA:95,13,0,0
BRDA:95,13,1,0
BRDA:105,14,0,0
BRDA:105,14,1,0
BRDA:136,15,0,0
BRDA:136,15,1,0
BRDA:137,16,0,0
BRDA:137,16,1,0
BRDA:138,17,0,0
BRDA:138,17,1,0
BRDA:143,18,0,0
BRDA:143,18,1,0
BRDA:144,19,0,0
BRDA:144,19,1,0
BRDA:145,20,0,0
BRDA:145,20,1,0
BRDA:153,21,0,0
BRDA:153,21,1,0
BRDA:153,22,0,0
BRDA:153,22,1,0
BRDA:184,23,0,0
BRDA:184,23,1,0
BRDA:185,24,0,0
BRDA:185,24,1,0
BRDA:204,25,0,1
BRDA:204,25,1,2
BRDA:213,26,0,1
BRDA:213,26,1,1
BRDA:220,27,0,0
BRDA:220,27,1,1
BRDA:220,28,0,1
BRDA:220,28,1,1
BRDA:228,29,0,1
BRDA:228,29,1,0
BRDA:229,30,0,1
BRDA:229,30,1,0
BRDA:230,31,0,1
BRDA:230,31,1,0
BRDA:231,32,0,1
BRDA:231,32,1,1
BRDA:232,33,0,1
BRDA:232,33,1,1
BRDA:250,34,0,3
BRDA:250,34,1,0
BRDA:251,35,0,3
BRDA:251,35,1,0
BRDA:254,36,0,1
BRDA:254,36,1,2
BRDA:270,37,0,1
BRDA:270,37,1,1
BRDA:275,38,0,1
BRDA:275,38,1,0
BRDA:276,39,0,1
BRDA:276,39,1,0
BRDA:277,40,0,1
BRDA:277,40,1,0
BRDA:323,41,0,1
BRDA:323,41,1,2
BRDA:333,42,0,1
BRDA:333,42,1,1
BRDA:360,43,0,1
BRDA:360,43,1,1
BRDA:371,44,0,1
BRDA:371,44,1,0
BRDA:377,45,0,0
BRDA:377,45,1,0
BRDA:377,46,0,0
BRDA:377,46,1,0
BRDA:384,47,0,0
BRDA:384,47,1,0
BRDA:385,48,0,0
BRDA:385,48,1,0
BRDA:391,49,0,0
BRDA:391,49,1,0
BRDA:392,50,0,0
BRDA:392,50,1,0
BRDA:393,51,0,0
BRDA:393,51,1,0
BRDA:394,52,0,0
BRDA:394,52,1,0
BRDA:399,53,0,0
BRDA:399,53,1,0
BRDA:401,54,0,0
BRDA:401,54,1,0
BRDA:401,55,0,0
BRDA:401,55,1,0
BRDA:401,55,2,0
BRDA:431,56,0,0
BRDA:431,56,1,0
BRDA:440,57,0,0
BRDA:440,57,1,0
BRF:118
BRH:33
end_of_record
TN:
SF:src\middleware\auth.ts
FN:6,(anonymous_0)
FNF:1
FNH:0
FNDA:0,(anonymous_0)
DA:6,0
LF:1
LH:0
BRF:0
BRH:0
end_of_record
TN:
SF:src\middleware\authMiddleware.ts
FN:20,(anonymous_1)
FNF:1
FNH:0
FNDA:0,(anonymous_1)
DA:2,0
DA:3,0
DA:6,0
DA:7,0
DA:20,0
DA:21,0
DA:23,0
DA:24,0
DA:27,0
DA:29,0
DA:30,0
DA:31,0
DA:32,0
DA:34,0
DA:39,0
LF:15
LH:0
BRDA:6,0,0,0
BRDA:6,0,1,0
BRDA:23,1,0,0
BRDA:23,1,1,0
BRDA:23,2,0,0
BRDA:23,2,1,0
BRF:6
BRH:0
end_of_record
TN:
SF:src\middleware\errorHandler.ts
FN:10,(anonymous_0)
FN:25,(anonymous_1)
FN:117,(anonymous_2)
FN:132,(anonymous_3)
FN:133,(anonymous_4)
FNF:5
FNH:0
FNDA:0,(anonymous_0)
FNDA:0,(anonymous_1)
FNDA:0,(anonymous_2)
FNDA:0,(anonymous_3)
FNDA:0,(anonymous_4)
DA:7,0
DA:9,0
DA:11,0
DA:12,0
DA:13,0
DA:14,0
DA:16,0
DA:17,0
DA:25,0
DA:31,0
DA:34,0
DA:42,0
DA:43,0
DA:47,0
DA:48,0
DA:61,0
DA:62,0
DA:74,0
DA:75,0
DA:86,0
DA:87,0
DA:99,0
DA:100,0
DA:102,0
DA:117,0
DA:118,0
DA:132,0
DA:133,0
DA:134,0
DA:138,0
LF:30
LH:0
BRDA:31,0,0,0
BRDA:31,0,1,0
BRDA:42,1,0,0
BRDA:42,1,1,0
BRDA:47,2,0,0
BRDA:47,2,1,0
BRDA:51,3,0,0
BRDA:51,3,1,0
BRDA:61,4,0,0
BRDA:61,4,1,0
BRDA:74,5,0,0
BRDA:74,5,1,0
BRDA:86,6,0,0
BRDA:86,6,1,0
BRDA:86,7,0,0
BRDA:86,7,1,0
BRDA:92,8,0,0
BRDA:92,8,1,0
BRDA:99,9,0,0
BRDA:99,9,1,0
BRDA:106,10,0,0
BRDA:106,10,1,0
BRDA:107,11,0,0
BRDA:107,11,1,0
BRF:24
BRH:0
end_of_record
TN:
SF:src\middleware\rateLimiter.ts
FN:20,(anonymous_0)
FN:24,(anonymous_1)
FN:36,(anonymous_2)
FN:91,(anonymous_3)
FN:95,(anonymous_4)
FN:97,(anonymous_5)
FNF:6
FNH:0
FNDA:0,(anonymous_0)
FNDA:0,(anonymous_1)
FNDA:0,(anonymous_2)
FNDA:0,(anonymous_3)
FNDA:0,(anonymous_4)
FNDA:0,(anonymous_5)
DA:7,0
DA:13,0
DA:20,0
DA:24,0
DA:26,0
DA:27,0
DA:30,0
DA:31,0
DA:35,0
DA:36,0
DA:40,0
DA:41,0
DA:42,0
DA:55,0
DA:58,0
DA:64,0
DA:71,0
DA:73,0
DA:78,0
DA:83,0
DA:91,0
DA:92,0
DA:93,0
DA:95,0
DA:96,0
DA:97,0
DA:101,0
DA:102,0
DA:107,0
LF:29
LH:0
BRDA:21,0,0,0
BRDA:22,1,0,0
BRDA:26,2,0,0
BRDA:26,2,1,0
BRDA:26,2,2,0
BRDA:30,3,0,0
BRDA:30,3,1,0
BRDA:40,4,0,0
BRDA:40,4,1,0
BRDA:101,5,0,0
BRDA:101,5,1,0
BRF:11
BRH:0
end_of_record
TN:
SF:src\middleware\responseFormatter.ts
FN:31,(anonymous_0)
FN:33,(anonymous_1)
FN:43,(anonymous_2)
FNF:3
FNH:0
FNDA:0,(anonymous_0)
FNDA:0,(anonymous_1)
FNDA:0,(anonymous_2)
DA:31,0
DA:33,0
DA:34,0
DA:43,0
DA:44,0
DA:55,0
DA:58,0
LF:7
LH:0
BRDA:33,0,0,0
BRDA:43,1,0,0
BRDA:47,2,0,0
BRDA:47,2,1,0
BRF:4
BRH:0
end_of_record
TN:
SF:src\routes\auth.ts
FN:13,(anonymous_1)
FN:19,(anonymous_2)
FN:24,(anonymous_3)
FN:71,(anonymous_4)
FN:120,(anonymous_5)
FN:147,(anonymous_6)
FNF:6
FNH:0
FNDA:0,(anonymous_1)
FNDA:0,(anonymous_2)
FNDA:0,(anonymous_3)
FNDA:0,(anonymous_4)
FNDA:0,(anonymous_5)
FNDA:0,(anonymous_6)
DA:1,0
DA:2,0
DA:3,0
DA:4,0
DA:5,0
DA:6,0
DA:7,0
DA:8,0
DA:10,0
DA:13,0
DA:14,0
DA:15,0
DA:19,0
DA:20,0
DA:24,0
DA:25,0
DA:27,0
DA:28,0
DA:29,0
DA:33,0
DA:34,0
DA:35,0
DA:39,0
DA:40,0
DA:41,0
DA:45,0
DA:48,0
DA:53,0
DA:54,0
DA:55,0
DA:57,0
DA:59,0
DA:65,0
DA:66,0
DA:71,0
DA:72,0
DA:74,0
DA:75,0
DA:76,0
DA:80,0
DA:85,0
DA:86,0
DA:89,0
DA:92,0
DA:93,0
DA:94,0
DA:98,0
DA:106,0
DA:108,0
DA:114,0
DA:115,0
DA:120,0
DA:121,0
DA:122,0
DA:123,0
DA:126,0
DA:131,0
DA:132,0
DA:135,0
DA:136,0
DA:141,0
DA:142,0
DA:147,0
DA:148,0
DA:152,0
DA:153,0
DA:156,0
DA:158,0
LF:68
LH:0
BRDA:28,0,0,0
BRDA:28,0,1,0
BRDA:28,1,0,0
BRDA:28,1,1,0
BRDA:34,2,0,0
BRDA:34,2,1,0
BRDA:40,3,0,0
BRDA:40,3,1,0
BRDA:50,4,0,0
BRDA:50,4,1,0
BRDA:54,5,0,0
BRDA:54,5,1,0
BRDA:75,6,0,0
BRDA:75,6,1,0
BRDA:75,7,0,0
BRDA:75,7,1,0
BRDA:85,8,0,0
BRDA:85,8,1,0
BRDA:93,9,0,0
BRDA:93,9,1,0
BRDA:122,10,0,0
BRDA:122,10,1,0
BRDA:131,11,0,0
BRDA:131,11,1,0
BRF:24
BRH:0
end_of_record
TN:
SF:src\routes\images.ts
FN:15,(anonymous_0)
FN:72,(anonymous_1)
FN:100,(anonymous_2)
FN:124,(anonymous_3)
FN:166,(anonymous_4)
FN:208,(anonymous_5)
FNF:6
FNH:0
FNDA:0,(anonymous_0)
FNDA:0,(anonymous_1)
FNDA:0,(anonymous_2)
FNDA:0,(anonymous_3)
FNDA:0,(anonymous_4)
FNDA:0,(anonymous_5)
DA:1,0
DA:2,0
DA:3,0
DA:5,0
DA:6,0
DA:9,0
DA:15,0
DA:16,0
DA:17,0
DA:19,0
DA:20,0
DA:29,0
DA:30,0
DA:39,0
DA:46,0
DA:57,0
DA:58,0
DA:72,0
DA:73,0
DA:74,0
DA:76,0
DA:77,0
DA:86,0
DA:87,0
DA:96,0
DA:98,0
DA:100,0
DA:109,0
DA:110,0
DA:124,0
DA:125,0
DA:126,0
DA:128,0
DA:129,0
DA:138,0
DA:143,0
DA:151,0
DA:152,0
DA:166,0
DA:167,0
DA:168,0
DA:170,0
DA:171,0
DA:180,0
DA:185,0
DA:193,0
DA:194,0
DA:208,0
DA:209,0
DA:237,0
DA:244,0
LF:51
LH:0
BRDA:19,0,0,0
BRDA:19,0,1,0
BRDA:19,1,0,0
BRDA:19,1,1,0
BRDA:19,1,2,0
BRDA:29,2,0,0
BRDA:29,2,1,0
BRDA:29,3,0,0
BRDA:29,3,1,0
BRDA:41,4,0,0
BRDA:41,4,1,0
BRDA:42,5,0,0
BRDA:42,5,1,0
BRDA:43,6,0,0
BRDA:43,6,1,0
BRDA:62,7,0,0
BRDA:62,7,1,0
BRDA:76,8,0,0
BRDA:76,8,1,0
BRDA:76,9,0,0
BRDA:76,9,1,0
BRDA:86,10,0,0
BRDA:86,10,1,0
BRDA:96,11,0,0
BRDA:96,11,1,0
BRDA:114,12,0,0
BRDA:114,12,1,0
BRDA:128,13,0,0
BRDA:128,13,1,0
BRDA:128,14,0,0
BRDA:128,14,1,0
BRDA:140,15,0,0
BRDA:140,15,1,0
BRDA:156,16,0,0
BRDA:156,16,1,0
BRDA:170,17,0,0
BRDA:170,17,1,0
BRDA:170,18,0,0
BRDA:170,18,1,0
BRDA:182,19,0,0
BRDA:182,19,1,0
BRDA:198,20,0,0
BRDA:198,20,1,0
BRF:43
BRH:0
end_of_record
TN:
SF:src\routes\tts.ts
FN:15,(anonymous_0)
FN:60,(anonymous_1)
FN:102,(anonymous_2)
FN:130,(anonymous_3)
FN:159,(anonymous_4)
FN:184,(anonymous_5)
FN:198,(anonymous_6)
FN:204,(anonymous_7)
FN:207,(anonymous_8)
FN:212,(anonymous_9)
FN:219,(anonymous_10)
FN:223,(anonymous_11)
FNF:12
FNH:0
FNDA:0,(anonymous_0)
FNDA:0,(anonymous_1)
FNDA:0,(anonymous_2)
FNDA:0,(anonymous_3)
FNDA:0,(anonymous_4)
FNDA:0,(anonymous_5)
FNDA:0,(anonymous_6)
FNDA:0,(anonymous_7)
FNDA:0,(anonymous_8)
FNDA:0,(anonymous_9)
FNDA:0,(anonymous_10)
FNDA:0,(anonymous_11)
DA:1,0
DA:2,0
DA:3,0
DA:5,0
DA:6,0
DA:9,0
DA:15,0
DA:16,0
DA:17,0
DA:19,0
DA:20,0
DA:29,0
DA:38,0
DA:45,0
DA:46,0
DA:60,0
DA:61,0
DA:62,0
DA:64,0
DA:65,0
DA:74,0
DA:80,0
DA:87,0
DA:88,0
DA:102,0
DA:103,0
DA:104,0
DA:106,0
DA:108,0
DA:115,0
DA:116,0
DA:130,0
DA:131,0
DA:132,0
DA:134,0
DA:136,0
DA:144,0
DA:145,0
DA:159,0
DA:160,0
DA:161,0
DA:163,0
DA:164,0
DA:173,0
DA:174,0
DA:183,0
DA:185,0
DA:197,0
DA:198,0
DA:204,0
DA:206,0
DA:207,0
DA:212,0
DA:214,0
DA:219,0
DA:223,0
DA:228,0
DA:229,0
DA:239,0
LF:59
LH:0
BRDA:19,0,0,0
BRDA:19,0,1,0
BRDA:19,1,0,0
BRDA:19,1,1,0
BRDA:19,1,2,0
BRDA:31,2,0,0
BRDA:31,2,1,0
BRDA:32,3,0,0
BRDA:32,3,1,0
BRDA:33,4,0,0
BRDA:33,4,1,0
BRDA:34,5,0,0
BRDA:34,5,1,0
BRDA:35,6,0,0
BRDA:35,6,1,0
BRDA:50,7,0,0
BRDA:50,7,1,0
BRDA:64,8,0,0
BRDA:64,8,1,0
BRDA:64,9,0,0
BRDA:64,9,1,0
BRDA:64,9,2,0
BRDA:76,10,0,0
BRDA:76,10,1,0
BRDA:77,11,0,0
BRDA:77,11,1,0
BRDA:92,12,0,0
BRDA:92,12,1,0
BRDA:104,13,0,0
BRDA:104,13,1,0
BRDA:120,14,0,0
BRDA:120,14,1,0
BRDA:149,15,0,0
BRDA:149,15,1,0
BRDA:163,16,0,0
BRDA:163,16,1,0
BRDA:163,17,0,0
BRDA:163,17,1,0
BRDA:173,18,0,0
BRDA:173,18,1,0
BRDA:187,19,0,0
BRDA:187,19,1,0
BRDA:188,20,0,0
BRDA:188,20,1,0
BRDA:189,21,0,0
BRDA:189,21,1,0
BRDA:190,22,0,0
BRDA:190,22,1,0
BRDA:191,23,0,0
BRDA:191,23,1,0
BRDA:201,24,0,0
BRDA:201,24,1,0
BRDA:202,25,0,0
BRDA:202,25,1,0
BRDA:210,26,0,0
BRDA:210,26,1,0
BRDA:210,27,0,0
BRDA:210,27,1,0
BRDA:223,28,0,0
BRDA:223,28,1,0
BRDA:225,29,0,0
BRDA:225,29,1,0
BRDA:233,30,0,0
BRDA:233,30,1,0
BRF:64
BRH:0
end_of_record
TN:
SF:src\routes\videos.ts
FNF:0
FNH:0
DA:1,0
DA:2,0
DA:3,0
DA:10,0
DA:17,0
DA:20,0
DA:23,0
DA:26,0
DA:29,0
DA:32,0
DA:35,0
DA:38,0
DA:40,0
DA:43,0
DA:44,0
DA:46,0
DA:47,0
DA:48,0
LF:18
LH:0
BRF:0
BRH:0
end_of_record
TN:
SF:src\services\geminiService.ts
FN:86,(anonymous_0)
FN:101,(anonymous_1)
FN:120,(anonymous_2)
FN:140,(anonymous_3)
FN:160,(anonymous_4)
FN:177,(anonymous_5)
FN:196,(anonymous_6)
FNF:7
FNH:0
FNDA:0,(anonymous_0)
FNDA:0,(anonymous_1)
FNDA:0,(anonymous_2)
FNDA:0,(anonymous_3)
FNDA:0,(anonymous_4)
FNDA:0,(anonymous_5)
FNDA:0,(anonymous_6)
DA:1,1
DA:4,1
DA:81,1
DA:87,0
DA:88,0
DA:90,0
DA:91,0
DA:92,0
DA:93,0
DA:95,0
DA:96,0
DA:97,0
DA:102,0
DA:103,0
DA:106,0
DA:108,0
DA:109,0
DA:110,0
DA:111,0
DA:112,0
DA:113,0
DA:115,0
DA:116,0
DA:121,0
DA:122,0
DA:123,0
DA:126,0
DA:128,0
DA:129,0
DA:130,0
DA:131,0
DA:132,0
DA:133,0
DA:135,0
DA:136,0
DA:141,0
DA:142,0
DA:143,0
DA:146,0
DA:148,0
DA:149,0
DA:150,0
DA:151,0
DA:152,0
DA:153,0
DA:155,0
DA:156,0
DA:161,0
DA:162,0
DA:165,0
DA:167,0
DA:168,0
DA:169,0
DA:170,0
DA:172,0
DA:173,0
DA:178,0
DA:179,0
DA:182,0
DA:184,0
DA:185,0
DA:186,0
DA:187,0
DA:188,0
DA:189,0
DA:191,0
DA:192,0
DA:197,0
DA:199,0
DA:200,0
DA:203,0
DA:204,0
DA:205,0
DA:209,0
DA:217,0
LF:75
LH:3
BRDA:88,0,0,0
BRDA:88,0,1,0
BRDA:90,1,0,0
BRDA:90,1,1,0
BRDA:102,2,0,0
BRDA:102,2,1,0
BRDA:121,3,0,0
BRDA:121,3,1,0
BRDA:141,4,0,0
BRDA:141,4,1,0
BRDA:161,5,0,0
BRDA:161,5,1,0
BRDA:178,6,0,0
BRDA:178,6,1,0
BRDA:199,7,0,0
BRDA:199,7,1,0
BRDA:204,8,0,0
BRDA:204,8,1,0
BRDA:204,9,0,0
BRDA:204,9,1,0
BRF:20
BRH:0
end_of_record
TN:
SF:src\services\imageService.ts
FN:31,(anonymous_1)
FN:57,(anonymous_2)
FN:59,(anonymous_3)
FN:60,(anonymous_4)
FN:69,(anonymous_5)
FN:104,(anonymous_6)
FN:110,(anonymous_7)
FN:131,(anonymous_8)
FN:167,(anonymous_9)
FN:191,(anonymous_10)
FN:231,(anonymous_11)
FN:248,(anonymous_12)
FN:270,(anonymous_13)
FN:279,(anonymous_14)
FN:313,getImageGenerationService
FNF:15
FNH:0
FNDA:0,(anonymous_1)
FNDA:0,(anonymous_2)
FNDA:0,(anonymous_3)
FNDA:0,(anonymous_4)
FNDA:0,(anonymous_5)
FNDA:0,(anonymous_6)
FNDA:0,(anonymous_7)
FNDA:0,(anonymous_8)
FNDA:0,(anonymous_9)
FNDA:0,(anonymous_10)
FNDA:0,(anonymous_11)
FNDA:0,(anonymous_12)
FNDA:0,(anonymous_13)
FNDA:0,(anonymous_14)
FNDA:0,getImageGenerationService
DA:1,0
DA:2,0
DA:3,0
DA:5,0
DA:26,0
DA:32,0
DA:34,0
DA:35,0
DA:36,0
DA:37,0
DA:39,0
DA:40,0
DA:41,0
DA:45,0
DA:46,0
DA:47,0
DA:51,0
DA:59,0
DA:60,0
DA:61,0
DA:70,0
DA:71,0
DA:74,0
DA:76,0
DA:78,0
DA:81,0
DA:85,0
DA:86,0
DA:87,0
DA:88,0
DA:90,0
DA:94,0
DA:96,0
DA:97,0
DA:108,0
DA:109,0
DA:111,0
DA:120,0
DA:121,0
DA:123,0
DA:124,0
DA:132,0
DA:133,0
DA:136,0
DA:137,0
DA:141,0
DA:142,0
DA:143,0
DA:144,0
DA:146,0
DA:148,0
DA:149,0
DA:150,0
DA:151,0
DA:154,0
DA:157,0
DA:159,0
DA:160,0
DA:168,0
DA:176,0
DA:177,0
DA:179,0
DA:193,0
DA:194,0
DA:212,0
DA:213,0
DA:215,0
DA:217,0
DA:219,0
DA:234,0
DA:242,0
DA:249,0
DA:264,0
DA:271,0
DA:273,0
DA:274,0
DA:275,0
DA:278,0
DA:280,0
DA:281,0
DA:282,0
DA:283,0
DA:284,0
DA:286,0
DA:287,0
DA:288,0
DA:291,0
DA:298,0
DA:299,0
DA:302,0
DA:304,0
DA:305,0
DA:311,0
DA:313,0
DA:314,0
DA:315,0
DA:317,0
LF:97
LH:0
BRDA:34,0,0,0
BRDA:34,0,1,0
BRDA:46,1,0,0
BRDA:46,1,1,0
BRDA:70,2,0,0
BRDA:70,2,1,0
BRDA:70,3,0,0
BRDA:70,3,1,0
BRDA:106,4,0,0
BRDA:132,5,0,0
BRDA:132,5,1,0
BRDA:149,6,0,0
BRDA:149,6,1,0
BRDA:176,7,0,0
BRDA:176,7,1,0
BRDA:177,8,0,0
BRDA:177,8,1,0
BRDA:183,9,0,0
BRDA:183,9,1,0
BRDA:193,10,0,0
BRDA:193,10,1,0
BRDA:223,11,0,0
BRDA:223,11,1,0
BRDA:242,12,0,0
BRDA:242,12,1,0
BRDA:264,13,0,0
BRDA:264,13,1,0
BRDA:270,14,0,0
BRDA:280,15,0,0
BRDA:280,15,1,0
BRDA:280,16,0,0
BRDA:280,16,1,0
BRDA:280,16,2,0
BRDA:280,16,3,0
BRDA:286,17,0,0
BRDA:286,17,1,0
BRDA:298,18,0,0
BRDA:298,18,1,0
BRDA:314,19,0,0
BRDA:314,19,1,0
BRF:40
BRH:0
end_of_record
TN:
SF:src\services\renderingService.ts
FN:22,(anonymous_1)
FN:129,(anonymous_2)
FNF:2
FNH:0
FNDA:0,(anonymous_1)
FNDA:0,(anonymous_2)
DA:1,1
DA:2,1
DA:3,1
DA:4,1
DA:5,1
DA:18,1
DA:23,0
DA:25,0
DA:30,0
DA:31,0
DA:34,0
DA:37,0
DA:38,0
DA:39,0
DA:43,0
DA:46,0
DA:47,0
DA:51,0
DA:52,0
DA:53,0
DA:56,0
DA:58,0
DA:59,0
DA:62,0
DA:63,0
DA:68,0
DA:69,0
DA:79,0
DA:80,0
DA:83,0
DA:84,0
DA:95,0
DA:98,0
DA:99,0
DA:101,0
DA:106,0
DA:109,0
DA:111,0
DA:113,0
DA:114,0
DA:119,0
DA:122,0
DA:130,0
DA:131,0
DA:136,0
DA:137,0
DA:140,0
DA:141,0
DA:146,0
DA:147,0
LF:50
LH:6
BRDA:30,0,0,0
BRDA:30,0,1,0
BRDA:39,1,0,0
BRDA:39,1,1,0
BRDA:46,2,0,0
BRDA:46,2,1,0
BRDA:46,3,0,0
BRDA:46,3,1,0
BRDA:52,4,0,0
BRDA:52,4,1,0
BRDA:74,5,0,0
BRDA:74,5,1,0
BRDA:91,6,0,0
BRDA:91,6,1,0
BRDA:111,7,0,0
BRDA:111,7,1,0
BRDA:136,8,0,0
BRDA:136,8,1,0
BRF:18
BRH:0
end_of_record
TN:
SF:src\services\ttsService.ts
FN:31,(anonymous_10)
FN:59,(anonymous_11)
FN:108,(anonymous_12)
FN:155,(anonymous_13)
FN:173,(anonymous_14)
FN:199,(anonymous_15)
FN:236,(anonymous_16)
FN:270,getTTSService
FNF:8
FNH:0
FNDA:0,(anonymous_10)
FNDA:0,(anonymous_11)
FNDA:0,(anonymous_12)
FNDA:0,(anonymous_13)
FNDA:0,(anonymous_14)
FNDA:0,(anonymous_15)
FNDA:0,(anonymous_16)
FNDA:0,getTTSService
DA:1,0
DA:2,0
DA:3,0
DA:4,0
DA:26,0
DA:33,0
DA:35,0
DA:36,0
DA:37,0
DA:38,0
DA:39,0
DA:40,0
DA:41,0
DA:42,0
DA:44,0
DA:45,0
DA:46,0
DA:50,0
DA:51,0
DA:52,0
DA:60,0
DA:61,0
DA:64,0
DA:65,0
DA:80,0
DA:81,0
DA:84,0
DA:85,0
DA:88,0
DA:91,0
DA:93,0
DA:99,0
DA:101,0
DA:113,0
DA:114,0
DA:117,0
DA:118,0
DA:131,0
DA:132,0
DA:134,0
DA:135,0
DA:137,0
DA:139,0
DA:141,0
DA:147,0
DA:148,0
DA:156,0
DA:157,0
DA:160,0
DA:161,0
DA:162,0
DA:163,0
DA:165,0
DA:166,0
DA:175,0
DA:176,0
DA:180,0
DA:182,0
DA:183,0
DA:185,0
DA:187,0
DA:189,0
DA:200,0
DA:225,0
DA:226,0
DA:230,0
DA:237,0
DA:238,0
DA:239,0
DA:240,0
DA:242,0
DA:243,0
DA:244,0
DA:245,0
DA:246,0
DA:248,0
DA:249,0
DA:250,0
DA:255,0
DA:256,0
DA:259,0
DA:261,0
DA:262,0
DA:268,0
DA:270,0
DA:271,0
DA:272,0
DA:274,0
LF:88
LH:0
BRDA:33,0,0,0
BRDA:33,0,1,0
BRDA:35,1,0,0
BRDA:35,1,1,0
BRDA:35,2,0,0
BRDA:35,2,1,0
BRDA:39,3,0,0
BRDA:39,3,1,0
BRDA:51,4,0,0
BRDA:51,4,1,0
BRDA:60,5,0,0
BRDA:60,5,1,0
BRDA:60,6,0,0
BRDA:60,6,1,0
BRDA:68,7,0,0
BRDA:68,7,1,0
BRDA:69,8,0,0
BRDA:69,8,1,0
BRDA:70,9,0,0
BRDA:70,9,1,0
BRDA:73,10,0,0
BRDA:73,10,1,0
BRDA:74,11,0,0
BRDA:74,11,1,0
BRDA:75,12,0,0
BRDA:75,12,1,0
BRDA:110,13,0,0
BRDA:111,14,0,0
BRDA:113,15,0,0
BRDA:113,15,1,0
BRDA:113,16,0,0
BRDA:113,16,1,0
BRDA:156,17,0,0
BRDA:156,17,1,0
BRDA:156,18,0,0
BRDA:156,18,1,0
BRDA:163,19,0,0
BRDA:163,19,1,0
BRDA:176,20,0,0
BRDA:176,20,1,0
BRDA:225,21,0,0
BRDA:225,21,1,0
BRDA:225,22,0,0
BRDA:225,22,1,0
BRDA:236,23,0,0
BRDA:243,24,0,0
BRDA:243,24,1,0
BRDA:243,25,0,0
BRDA:243,25,1,0
BRDA:248,26,0,0
BRDA:248,26,1,0
BRDA:255,27,0,0
BRDA:255,27,1,0
BRDA:271,28,0,0
BRDA:271,28,1,0
BRF:55
BRH:0
end_of_record
TN:
SF:src\video-engine\index.ts
FNF:0
FNH:0
DA:1,0
DA:2,0
DA:4,0
LF:3
LH:0
BRF:0
BRH:0
end_of_record
